<?xml version="1.0" encoding="UTF-8"?>
<!-- Generated by org.testng.reporters.JUnitReportReporter -->
<testsuite skipped="0" hostname="DESKTOP-C6SQIIN" name="test.LoginTest" tests="1" failures="0" timestamp="23 Apr 2022 04:41:57 GMT" time="6.623" errors="0">
  <testcase name="validUserShouldBeAbleToLogin" time="6.623" classname="test.LoginTest"/>
</testsuite> <!-- test.LoginTest -->
